test/unityLibrary/build/intermediates/manifest_merge_blame_file/debug/manifest-merger-blame-debug-report.txt
1<?xml version="1.0" encoding="utf-8"?>
2<manifest xmlns:android="http://schemas.android.com/apk/res/android"
3    xmlns:tools="http://schemas.android.com/tools"
4    package="com.unity3d.player" >
5
6    <uses-sdk
7        android:minSdkVersion="28"
7-->src/main/AndroidManifest.xml
8        android:targetSdkVersion="30" />
8-->src/main/AndroidManifest.xml
9
10    <uses-feature android:glEsVersion="0x00030000" />
10-->src/main/AndroidManifest.xml:39:5-54
10-->src/main/AndroidManifest.xml:39:19-51
11    <uses-feature
11-->src/main/AndroidManifest.xml:40:5-42:36
12        android:name="android.hardware.vulkan.version"
12-->src/main/AndroidManifest.xml:41:9-55
13        android:required="false" />
13-->src/main/AndroidManifest.xml:42:9-33
14    <uses-feature android:name="android.software.home_screen" />
14-->src/main/AndroidManifest.xml:43:5-65
14-->src/main/AndroidManifest.xml:43:19-62
15    <uses-feature
15-->src/main/AndroidManifest.xml:44:5-46:36
16        android:name="android.hardware.touchscreen"
16-->src/main/AndroidManifest.xml:45:9-52
17        android:required="false" />
17-->src/main/AndroidManifest.xml:46:9-33
18    <uses-feature
18-->src/main/AndroidManifest.xml:47:5-49:36
19        android:name="android.hardware.touchscreen.multitouch"
19-->src/main/AndroidManifest.xml:48:9-63
20        android:required="false" />
20-->src/main/AndroidManifest.xml:49:9-33
21    <uses-feature
21-->src/main/AndroidManifest.xml:50:5-52:36
22        android:name="android.hardware.touchscreen.multitouch.distinct"
22-->src/main/AndroidManifest.xml:51:9-72
23        android:required="false" />
23-->src/main/AndroidManifest.xml:52:9-33
24
25    <application android:extractNativeLibs="true" >
25-->src/main/AndroidManifest.xml:6:5-37:19
25-->src/main/AndroidManifest.xml:6:18-50
26        <activity
26-->src/main/AndroidManifest.xml:7:9-23:20
27            android:name="com.unity3d.player.UnityPlayerActivity"
27-->src/main/AndroidManifest.xml:8:13-66
28            android:configChanges="mcc|mnc|locale|touchscreen|keyboard|keyboardHidden|navigation|orientation|screenLayout|uiMode|screenSize|smallestScreenSize|fontScale|layoutDirection|density"
28-->src/main/AndroidManifest.xml:9:13-194
29            android:exported="true"
29-->src/main/AndroidManifest.xml:13:13-36
30            android:hardwareAccelerated="false"
30-->src/main/AndroidManifest.xml:10:13-48
31            android:launchMode="singleTask"
31-->src/main/AndroidManifest.xml:11:13-44
32            android:resizeableActivity="false"
32-->src/main/AndroidManifest.xml:12:13-47
33            android:screenOrientation="portrait"
33-->src/main/AndroidManifest.xml:14:13-49
34            android:theme="@style/UnityThemeSelector" >
34-->src/main/AndroidManifest.xml:15:13-54
35            <intent-filter>
35-->src/main/AndroidManifest.xml:16:13-19:29
36                <action android:name="android.intent.action.MAIN" />
36-->src/main/AndroidManifest.xml:17:17-69
36-->src/main/AndroidManifest.xml:17:25-66
37
38                <category android:name="android.intent.category.LAUNCHER" />
38-->src/main/AndroidManifest.xml:18:17-77
38-->src/main/AndroidManifest.xml:18:27-74
39            </intent-filter>
40
41            <meta-data
41-->src/main/AndroidManifest.xml:20:13-22:40
42                android:name="unityplayer.UnityActivity"
42-->src/main/AndroidManifest.xml:21:17-57
43                android:value="true" />
43-->src/main/AndroidManifest.xml:22:17-37
44        </activity>
45
46        <meta-data
46-->src/main/AndroidManifest.xml:25:9-27:33
47            android:name="unity.splash-mode"
47-->src/main/AndroidManifest.xml:26:13-45
48            android:value="0" />
48-->src/main/AndroidManifest.xml:27:13-30
49        <meta-data
49-->src/main/AndroidManifest.xml:28:9-30:36
50            android:name="unity.splash-enable"
50-->src/main/AndroidManifest.xml:29:13-47
51            android:value="True" />
51-->src/main/AndroidManifest.xml:30:13-33
52        <meta-data
52-->src/main/AndroidManifest.xml:31:9-33:37
53            android:name="unity.launch-fullscreen"
53-->src/main/AndroidManifest.xml:32:13-51
54            android:value="False" />
54-->src/main/AndroidManifest.xml:33:13-34
55        <meta-data
55-->src/main/AndroidManifest.xml:34:9-36:37
56            android:name="unity.allow-resizable-window"
56-->src/main/AndroidManifest.xml:35:13-56
57            android:value="False" />
57-->src/main/AndroidManifest.xml:36:13-34
58    </application>
59
60</manifest>